<?xml version="1.0" encoding="UTF-8"?>
<!-- Generated by org.testng.reporters.JUnitReportReporter -->
<testsuite hostname="GPIT-PC-029" failures="0" tests="1" name="tests.LoginTest" time="32.572" errors="0" timestamp="2025-08-26T13:12:47 IST" skipped="0">
  <testcase classname="tests.LoginTest" name="verifyLogin" time="32.572"/>
</testsuite> <!-- tests.LoginTest -->
